********************************************************************************
*                             2018年7月15日 13:44:04                              *
********************************************************************************
CSharpCompilerWrapper.exe version: 4.0.4.230
Unity version: 2018.1.6f1
Platform: Windows
Target assembly: Assembly-CSharp.dll
Project directory: F:\unity\projects\Playground
Target profile directory: F:\unity\Editor\Data\MonoBleedingEdge\lib\mono\unity
Unity Mono executable: F:\unity\Editor\Data\MonoBleedingEdge\bin\mono.exe
Compiler: Microsoft C# 7.3 (2.8.0.62830)

- Compilation ------------------------------------------------

Process: F:\unity\projects\Playground\CSharp70Support\Roslyn\csc.exe
Arguments: -noconfig @Temp/UnityTempFile-02e9f0e6aea167547bfe0fb0aed10e01
Exit code: 0
Elapsed time: 0.63 sec

- Output (2 lines):
0: Assets\Scripts\Weapons\Shotgun.cs(7,16): warning CS0414: The field 'Shotgun.spreadFactor' is assigned but its value is never used
1: Assets\Scripts\Player\PlayerController.cs(8,16): warning CS0414: The field 'PlayerController.cameraZoomSpeed' is assigned but its value is never used

- Errors (0 lines):

- PDB to MDB conversion --------------------------------------

Process: F:\unity\projects\Playground\CSharp70Support\Roslyn\pdb2mdb.exe
Arguments: Temp\Assembly-CSharp.dll
Exit code: 0
Elapsed time: 0.04 sec

- Output (0 lines):

- Errors (0 lines):

********************************************************************************
*                             2018年7月15日 13:44:33                              *
********************************************************************************
CSharpCompilerWrapper.exe version: 4.0.4.230
Unity version: 2018.1.6f1
Platform: Windows
Target assembly: Assembly-CSharp.dll
Project directory: F:\unity\projects\Playground
Target profile directory: F:\unity\Editor\Data\MonoBleedingEdge\lib\mono\unity
Unity Mono executable: F:\unity\Editor\Data\MonoBleedingEdge\bin\mono.exe
Compiler: Microsoft C# 7.3 (2.8.0.62830)

- Compilation ------------------------------------------------

Process: F:\unity\projects\Playground\CSharp70Support\Roslyn\csc.exe
Arguments: -noconfig @Temp/UnityTempFile-c8ab2cc2165c9ed47babbf0a7525baba
Exit code: 0
Elapsed time: 0.59 sec

- Output (2 lines):
0: Assets\Scripts\Player\PlayerController.cs(8,16): warning CS0414: The field 'PlayerController.cameraZoomSpeed' is assigned but its value is never used
1: Assets\Scripts\Weapons\Shotgun.cs(7,16): warning CS0414: The field 'Shotgun.spreadFactor' is assigned but its value is never used

- Errors (0 lines):

- PDB to MDB conversion --------------------------------------

Process: F:\unity\projects\Playground\CSharp70Support\Roslyn\pdb2mdb.exe
Arguments: Temp\Assembly-CSharp.dll
Exit code: 0
Elapsed time: 0.04 sec

- Output (0 lines):

- Errors (0 lines):

********************************************************************************
*                             2018年7月15日 13:45:55                              *
********************************************************************************
CSharpCompilerWrapper.exe version: 4.0.4.230
Unity version: 2018.1.6f1
Platform: Windows
Target assembly: Assembly-CSharp.dll
Project directory: F:\unity\projects\Playground
Target profile directory: F:\unity\Editor\Data\MonoBleedingEdge\lib\mono\unity
Unity Mono executable: F:\unity\Editor\Data\MonoBleedingEdge\bin\mono.exe
Compiler: Microsoft C# 7.3 (2.8.0.62830)

- Compilation ------------------------------------------------

Process: F:\unity\projects\Playground\CSharp70Support\Roslyn\csc.exe
Arguments: -noconfig @Temp/UnityTempFile-f2d1a56de892ed64badccccd14fa7283
Exit code: 0
Elapsed time: 0.60 sec

- Output (2 lines):
0: Assets\Scripts\Player\PlayerController.cs(8,16): warning CS0414: The field 'PlayerController.cameraZoomSpeed' is assigned but its value is never used
1: Assets\Scripts\Weapons\Shotgun.cs(7,16): warning CS0414: The field 'Shotgun.spreadFactor' is assigned but its value is never used

- Errors (0 lines):

- PDB to MDB conversion --------------------------------------

Process: F:\unity\projects\Playground\CSharp70Support\Roslyn\pdb2mdb.exe
Arguments: Temp\Assembly-CSharp.dll
Exit code: 0
Elapsed time: 0.04 sec

- Output (0 lines):

- Errors (0 lines):

********************************************************************************
*                             2018年7月15日 13:48:21                              *
********************************************************************************
CSharpCompilerWrapper.exe version: 4.0.4.230
Unity version: 2018.1.6f1
Platform: Windows
Target assembly: Assembly-CSharp.dll
Project directory: F:\unity\projects\Playground
Target profile directory: F:\unity\Editor\Data\MonoBleedingEdge\lib\mono\unity
Unity Mono executable: F:\unity\Editor\Data\MonoBleedingEdge\bin\mono.exe
Compiler: Microsoft C# 7.3 (2.8.0.62830)

- Compilation ------------------------------------------------

Process: F:\unity\projects\Playground\CSharp70Support\Roslyn\csc.exe
Arguments: -noconfig @Temp/UnityTempFile-7cc3e91eb4d41b54aa2514a34f54b925
Exit code: 0
Elapsed time: 0.64 sec

- Output (2 lines):
0: Assets\Scripts\Player\PlayerController.cs(8,16): warning CS0414: The field 'PlayerController.cameraZoomSpeed' is assigned but its value is never used
1: Assets\Scripts\Weapons\Shotgun.cs(7,16): warning CS0414: The field 'Shotgun.spreadFactor' is assigned but its value is never used

- Errors (0 lines):

- PDB to MDB conversion --------------------------------------

Process: F:\unity\projects\Playground\CSharp70Support\Roslyn\pdb2mdb.exe
Arguments: Temp\Assembly-CSharp.dll
Exit code: 0
Elapsed time: 0.04 sec

- Output (0 lines):

- Errors (0 lines):

********************************************************************************
*                             2018年7月15日 13:48:39                              *
********************************************************************************
CSharpCompilerWrapper.exe version: 4.0.4.230
Unity version: 2018.1.6f1
Platform: Windows
Target assembly: Assembly-CSharp.dll
Project directory: F:\unity\projects\Playground
Target profile directory: F:\unity\Editor\Data\MonoBleedingEdge\lib\mono\unity
Unity Mono executable: F:\unity\Editor\Data\MonoBleedingEdge\bin\mono.exe
Compiler: Microsoft C# 7.3 (2.8.0.62830)

- Compilation ------------------------------------------------

Process: F:\unity\projects\Playground\CSharp70Support\Roslyn\csc.exe
Arguments: -noconfig @Temp/UnityTempFile-bca259898a8614046a993df6239cf68e
Exit code: 0
Elapsed time: 0.67 sec

- Output (2 lines):
0: Assets\Scripts\Weapons\Shotgun.cs(7,16): warning CS0414: The field 'Shotgun.spreadFactor' is assigned but its value is never used
1: Assets\Scripts\Player\PlayerController.cs(8,16): warning CS0414: The field 'PlayerController.cameraZoomSpeed' is assigned but its value is never used

- Errors (0 lines):

- PDB to MDB conversion --------------------------------------

Process: F:\unity\projects\Playground\CSharp70Support\Roslyn\pdb2mdb.exe
Arguments: Temp\Assembly-CSharp.dll
Exit code: 0
Elapsed time: 0.04 sec

- Output (0 lines):

- Errors (0 lines):

********************************************************************************
*                             2018年7月15日 13:49:31                              *
********************************************************************************
CSharpCompilerWrapper.exe version: 4.0.4.230
Unity version: 2018.1.6f1
Platform: Windows
Target assembly: Assembly-CSharp.dll
Project directory: F:\unity\projects\Playground
Target profile directory: F:\unity\Editor\Data\MonoBleedingEdge\lib\mono\unity
Unity Mono executable: F:\unity\Editor\Data\MonoBleedingEdge\bin\mono.exe
Compiler: Microsoft C# 7.3 (2.8.0.62830)

- Compilation ------------------------------------------------

Process: F:\unity\projects\Playground\CSharp70Support\Roslyn\csc.exe
Arguments: -noconfig @Temp/UnityTempFile-2900b34cecea7d74bb4b9c4fbd6eb3c6
Exit code: 0
Elapsed time: 0.63 sec

- Output (2 lines):
0: Assets\Scripts\Player\PlayerController.cs(8,16): warning CS0414: The field 'PlayerController.cameraZoomSpeed' is assigned but its value is never used
1: Assets\Scripts\Weapons\Shotgun.cs(7,16): warning CS0414: The field 'Shotgun.spreadFactor' is assigned but its value is never used

- Errors (0 lines):

- PDB to MDB conversion --------------------------------------

Process: F:\unity\projects\Playground\CSharp70Support\Roslyn\pdb2mdb.exe
Arguments: Temp\Assembly-CSharp.dll
Exit code: 0
Elapsed time: 0.04 sec

- Output (0 lines):

- Errors (0 lines):

********************************************************************************
*                             2018年7月15日 13:51:07                              *
********************************************************************************
CSharpCompilerWrapper.exe version: 4.0.4.230
Unity version: 2018.1.6f1
Platform: Windows
Target assembly: Assembly-CSharp.dll
Project directory: F:\unity\projects\Playground
Target profile directory: F:\unity\Editor\Data\MonoBleedingEdge\lib\mono\unity
Unity Mono executable: F:\unity\Editor\Data\MonoBleedingEdge\bin\mono.exe
Compiler: Microsoft C# 7.3 (2.8.0.62830)

- Compilation ------------------------------------------------

Process: F:\unity\projects\Playground\CSharp70Support\Roslyn\csc.exe
Arguments: -noconfig @Temp/UnityTempFile-f7c4ca97d1146b34a869b1cf8e467271
Exit code: 0
Elapsed time: 0.60 sec

- Output (2 lines):
0: Assets\Scripts\Weapons\Shotgun.cs(7,16): warning CS0414: The field 'Shotgun.spreadFactor' is assigned but its value is never used
1: Assets\Scripts\Player\PlayerController.cs(8,16): warning CS0414: The field 'PlayerController.cameraZoomSpeed' is assigned but its value is never used

- Errors (0 lines):

- PDB to MDB conversion --------------------------------------

Process: F:\unity\projects\Playground\CSharp70Support\Roslyn\pdb2mdb.exe
Arguments: Temp\Assembly-CSharp.dll
Exit code: 0
Elapsed time: 0.04 sec

- Output (0 lines):

- Errors (0 lines):

********************************************************************************
*                             2018年7月15日 13:51:15                              *
********************************************************************************
CSharpCompilerWrapper.exe version: 4.0.4.230
Unity version: 2018.1.6f1
Platform: Windows
Target assembly: Assembly-CSharp.dll
Project directory: F:\unity\projects\Playground
Target profile directory: F:\unity\Editor\Data\MonoBleedingEdge\lib\mono\unity
Unity Mono executable: F:\unity\Editor\Data\MonoBleedingEdge\bin\mono.exe
Compiler: Microsoft C# 7.3 (2.8.0.62830)

- Compilation ------------------------------------------------

Process: F:\unity\projects\Playground\CSharp70Support\Roslyn\csc.exe
Arguments: -noconfig @Temp/UnityTempFile-689ea55328c624744855abdd19953082
Exit code: 0
Elapsed time: 0.64 sec

- Output (2 lines):
0: Assets\Scripts\Weapons\Shotgun.cs(7,16): warning CS0414: The field 'Shotgun.spreadFactor' is assigned but its value is never used
1: Assets\Scripts\Player\PlayerController.cs(8,16): warning CS0414: The field 'PlayerController.cameraZoomSpeed' is assigned but its value is never used

- Errors (0 lines):

- PDB to MDB conversion --------------------------------------

Process: F:\unity\projects\Playground\CSharp70Support\Roslyn\pdb2mdb.exe
Arguments: Temp\Assembly-CSharp.dll
Exit code: 0
Elapsed time: 0.10 sec

- Output (0 lines):

- Errors (0 lines):

